<?xml version="1.0" encoding="UTF-8"?>
<!-- Generated by org.testng.reporters.JUnitXMLReporter -->
<testsuite hostname="Ms-MacBook-Pro.attlocal.net" ignored="0" name="Surefire test" tests="8" failures="0" timestamp="17 Apr 2020 22:15:12 GMT" time="55.801" errors="0">
  <testcase name="validateFailureResponseCodeForDraw" time="3.495" classname="validations.GetDeckOfCardsTests"/>
  <testcase name="validateSuccessResponseCodeFromDrawCard" time="1.031" classname="validations.GetDeckOfCardsTests"/>
  <testcase name="validateSuccessResponseForWithDrawFromDeckOf52" time="24.437" classname="validations.GetDeckOfCardsTests"/>
  <testcase name="validateSuccessResponseForWithDrawFromDeckOf54" time="25.376" classname="validations.GetDeckOfCardsTests"/>
  <testcase name="validateSuccessResponseCodeWithJokers" time="0.193" classname="validations.DrawACardTests"/>
  <testcase name="validateSuccessResponseCodeWithOutJokers" time="0.523" classname="validations.DrawACardTests"/>
  <testcase name="validateSuccessResponseContentWithJokers" time="0.207" classname="validations.DrawACardTests"/>
  <testcase name="validateSuccessResponseContentWithOutJokers" time="0.518" classname="validations.DrawACardTests"/>
</testsuite> <!-- Surefire test -->
