<?xml version="1.0" encoding="UTF-8"?>
<testsuite xmlns:xsi="http://www.w3.org/2001/XMLSchema-instance" xsi:noNamespaceSchemaLocation="https://maven.apache.org/surefire/maven-surefire-plugin/xsd/surefire-test-report.xsd" name="TestSuite" time="56.043" tests="8" errors="0" skipped="0" failures="0">
  <properties>
[...]
</properties>
  <testcase name="validateFailureResponseCodeForDraw" classname="validations.GetDeckOfCardsTests" time="3.496"/>
  <testcase name="validateSuccessResponseCodeFromDrawCard" classname="validations.GetDeckOfCardsTests" time="1.029"/>
  <testcase name="validateSuccessResponseForWithDrawFromDeckOf52" classname="validations.GetDeckOfCardsTests" time="24.438"/>
  <testcase name="validateSuccessResponseForWithDrawFromDeckOf54" classname="validations.GetDeckOfCardsTests" time="25.376"/>
  <testcase name="validateSuccessResponseCodeWithJokers" classname="validations.DrawACardTests" time="0.194"/>
  <testcase name="validateSuccessResponseCodeWithOutJokers" classname="validations.DrawACardTests" time="0.523"/>
  <testcase name="validateSuccessResponseContentWithJokers" classname="validations.DrawACardTests" time="0.207"/>
  <testcase name="validateSuccessResponseContentWithOutJokers" classname="validations.DrawACardTests" time="0.516"/>
</testsuite>