<?xml version="1.0" encoding="UTF-8"?>
<testng-results skipped="0" failed="0" ignored="0" total="8" passed="8">
  <reporter-output>
  </reporter-output>
  <suite name="Surefire suite" duration-ms="55801" started-at="2020-04-17T22:14:16Z" finished-at="2020-04-17T22:15:12Z">
    <groups>
    </groups>
    <test name="Surefire test" duration-ms="55801" started-at="2020-04-17T22:14:16Z" finished-at="2020-04-17T22:15:12Z">
      <class name="validations.DrawACardTests">
        <test-method status="PASS" signature="validateSuccessResponseCodeWithJokers()[pri:0, instance:validations.DrawACardTests@79b4d0f]" name="validateSuccessResponseCodeWithJokers" duration-ms="193" started-at="2020-04-17T22:15:11Z" finished-at="2020-04-17T22:15:11Z">
          <reporter-output>
          </reporter-output>
        </test-method> <!-- validateSuccessResponseCodeWithJokers -->
        <test-method status="PASS" signature="validateSuccessResponseCodeWithOutJokers()[pri:0, instance:validations.DrawACardTests@79b4d0f]" name="validateSuccessResponseCodeWithOutJokers" duration-ms="523" started-at="2020-04-17T22:15:11Z" finished-at="2020-04-17T22:15:11Z">
          <reporter-output>
          </reporter-output>
        </test-method> <!-- validateSuccessResponseCodeWithOutJokers -->
        <test-method status="PASS" signature="validateSuccessResponseContentWithJokers()[pri:0, instance:validations.DrawACardTests@79b4d0f]" name="validateSuccessResponseContentWithJokers" duration-ms="207" started-at="2020-04-17T22:15:11Z" finished-at="2020-04-17T22:15:12Z">
          <reporter-output>
          </reporter-output>
        </test-method> <!-- validateSuccessResponseContentWithJokers -->
        <test-method status="PASS" signature="validateSuccessResponseContentWithOutJokers()[pri:0, instance:validations.DrawACardTests@79b4d0f]" name="validateSuccessResponseContentWithOutJokers" duration-ms="518" started-at="2020-04-17T22:15:12Z" finished-at="2020-04-17T22:15:12Z">
          <reporter-output>
          </reporter-output>
        </test-method> <!-- validateSuccessResponseContentWithOutJokers -->
      </class> <!-- validations.DrawACardTests -->
      <class name="validations.GetDeckOfCardsTests">
        <test-method status="PASS" signature="validateFailureResponseCodeForDraw()[pri:0, instance:validations.GetDeckOfCardsTests@3fb6a447]" name="validateFailureResponseCodeForDraw" duration-ms="3495" started-at="2020-04-17T22:14:16Z" finished-at="2020-04-17T22:14:20Z">
          <reporter-output>
          </reporter-output>
        </test-method> <!-- validateFailureResponseCodeForDraw -->
        <test-method status="PASS" signature="validateSuccessResponseCodeFromDrawCard()[pri:0, instance:validations.GetDeckOfCardsTests@3fb6a447]" name="validateSuccessResponseCodeFromDrawCard" duration-ms="1031" started-at="2020-04-17T22:14:20Z" finished-at="2020-04-17T22:14:21Z">
          <reporter-output>
          </reporter-output>
        </test-method> <!-- validateSuccessResponseCodeFromDrawCard -->
        <test-method status="PASS" signature="validateSuccessResponseForWithDrawFromDeckOf52()[pri:0, instance:validations.GetDeckOfCardsTests@3fb6a447]" name="validateSuccessResponseForWithDrawFromDeckOf52" duration-ms="24437" started-at="2020-04-17T22:14:21Z" finished-at="2020-04-17T22:14:45Z">
          <reporter-output>
          </reporter-output>
        </test-method> <!-- validateSuccessResponseForWithDrawFromDeckOf52 -->
        <test-method status="PASS" signature="validateSuccessResponseForWithDrawFromDeckOf54()[pri:0, instance:validations.GetDeckOfCardsTests@3fb6a447]" name="validateSuccessResponseForWithDrawFromDeckOf54" duration-ms="25376" started-at="2020-04-17T22:14:45Z" finished-at="2020-04-17T22:15:11Z">
          <reporter-output>
          </reporter-output>
        </test-method> <!-- validateSuccessResponseForWithDrawFromDeckOf54 -->
      </class> <!-- validations.GetDeckOfCardsTests -->
    </test> <!-- Surefire test -->
  </suite> <!-- Surefire suite -->
</testng-results>
